Using pre-set license
Built from '2020.2/release' branch; Version is '2020.2.4f1 (becced5a802b) revision 12504301'; Using compiler version '192528614'; Build Type 'Release'
OS: 'Windows 10 Home China; OS build 18363.1379; Version 1909; 64bit' Language: 'zh' Physical Memory: 32656 MB
BatchMode: 1, IsHumanControllingUs: 0, StartBugReporterOnCrash: 0, Is64bit: 1, IsPro: 0

 COMMAND LINE ARGUMENTS:
C:\Program Files\Unity\Hub\Editor\2020.2.4f1\Editor\Unity.exe
-adb2
-batchMode
-noUpm
-name
AssetImportWorker0
-projectPath
E:/unity project/OculasVR
-logFile
Logs/AssetImportWorker0.log
-srvPort
49255
Successfully changed project path to: E:/unity project/OculasVR
E:/unity project/OculasVR
Using Asset Import Pipeline V2.
Refreshing native plugins compatible for Editor in 51.89 ms, found 4 plugins.
Preloading 1 native plugins for Editor in 0.85 ms.
Initialize engine version: 2020.2.4f1 (becced5a802b)
[Subsystems] Discovering subsystems at path C:/Program Files/Unity/Hub/Editor/2020.2.4f1/Editor/Data/Resources/UnitySubsystems
[Subsystems] Discovering subsystems at path E:/unity project/OculasVR/Assets
GfxDevice: creating device client; threaded=0
Direct3D:
    Version:  Direct3D 11.0 [level 11.1]
    Renderer: NVIDIA GeForce GTX 1050 Ti (ID=0x1c8c)
    Vendor:   
    VRAM:     4018 MB
    Driver:   26.21.14.4219
Shader 'Oculus/OVRMRCameraFrameLit': fallback shader 'Alpha-Diffuse' not found
Initialize mono
Mono path[0] = 'C:/Program Files/Unity/Hub/Editor/2020.2.4f1/Editor/Data/Managed'
Mono path[1] = 'C:/Program Files/Unity/Hub/Editor/2020.2.4f1/Editor/Data/MonoBleedingEdge/lib/mono/unityjit'
Mono config path = 'C:/Program Files/Unity/Hub/Editor/2020.2.4f1/Editor/Data/MonoBleedingEdge/etc'
Using monoOptions --debugger-agent=transport=dt_socket,embedding=1,server=y,suspend=n,address=127.0.0.1:56728
Begin MonoManager ReloadAssembly
Registering precompiled unity dll's ...
Register platform support module: C:/Program Files/Unity/Hub/Editor/2020.2.4f1/Editor/Data/PlaybackEngines/WebGLSupport/UnityEditor.WebGL.Extensions.dll
Register platform support module: C:/Program Files/Unity/Hub/Editor/2020.2.4f1/Editor/Data/PlaybackEngines/WindowsStandaloneSupport/UnityEditor.WindowsStandalone.Extensions.dll
Registered in 0.002305 seconds.
Native extension for WindowsStandalone target not found
Native extension for WebGL target not found
Refreshing native plugins compatible for Editor in 51.91 ms, found 4 plugins.
Preloading 1 native plugins for Editor in 0.04 ms.
Invoked RoslynAnalysisRunner static constructor.
RoslynAnalysisRunner will not be running.
RoslynAnalysisRunner has terminated.
Mono: successfully reloaded assembly
- Completed reload, in  2.104 seconds
Platform modules already initialized, skipping
Registering precompiled user dll's ...
Registered in 0.002226 seconds.
Begin MonoManager ReloadAssembly
Native extension for WindowsStandalone target not found
Native extension for WebGL target not found
Refreshing native plugins compatible for Editor in 0.64 ms, found 4 plugins.
Preloading 1 native plugins for Editor in 0.04 ms.
Invoked RoslynAnalysisRunner static constructor.
RoslynAnalysisRunner will not be running.
RoslynAnalysisRunner has terminated.
[XR] OculusXRPlugin: registering subsystems
[XR] Unable to register display lifecyle provider: [1]
[XR] Oculus Input lifecycle provider registered.
[XR] Unable to register input lifecyle provider: [1]
[XR] OVRP version 1.55.1
Mono: successfully reloaded assembly
- Completed reload, in  0.938 seconds
Platform modules already initialized, skipping
========================================================================
Worker process is ready to serve import requests
Shader 'Oculus/OVRMRCameraFrameLit': fallback shader 'Alpha-Diffuse' not found
Launched and connected shader compiler UnityShaderCompiler.exe after 0.05 seconds
Refreshing native plugins compatible for Editor in 0.62 ms, found 4 plugins.
Preloading 1 native plugins for Editor in 0.04 ms.
Unloading 1740 Unused Serialized files (Serialized files now loaded: 0)
System memory in use before: 94.2 MB.
System memory in use after: 94.3 MB.

Unloading 35 unused Assets to reduce memory usage. Loaded Objects now: 2180.
Total: 1.955000 ms (FindLiveObjects: 0.300900 ms CreateObjectMapping: 0.093100 ms MarkObjects: 1.474500 ms  DeleteObjects: 0.085100 ms)

========================================================================
Received Import Request.
  path: Assets/Scripts/ClickOnCardScript.cs
  artifactKey: Guid(d741f9aa76ed19742a2a38cd7d5f2a53) Importer(815301076,1909f56bfc062723c751e8b465ee728b)
Start importing Assets/Scripts/ClickOnCardScript.cs using Guid(d741f9aa76ed19742a2a38cd7d5f2a53) Importer(815301076,1909f56bfc062723c751e8b465ee728b)  -> (artifact id: '7d033c6868ec6ab34d85ccbad16ac463') in 0.060951 seconds
  Import took 0.063807 seconds .

========================================================================
Received Prepare
Registering precompiled user dll's ...
Registered in 0.003215 seconds.
Begin MonoManager ReloadAssembly
Native extension for WindowsStandalone target not found
Native extension for WebGL target not found
Refreshing native plugins compatible for Editor in 0.57 ms, found 4 plugins.
Preloading 1 native plugins for Editor in 0.05 ms.
Invoked RoslynAnalysisRunner static constructor.
RoslynAnalysisRunner will not be running.
RoslynAnalysisRunner has terminated.
Mono: successfully reloaded assembly
- Completed reload, in  0.822 seconds
Platform modules already initialized, skipping
Switching build target platform(5) subTarget(0) extendedPlatform(0) -> platform(13) subTarget(524294) extendedPlatform(0)
Shader 'Oculus/OVRMRCameraFrameLit': fallback shader 'Alpha-Diffuse' not found
Refreshing native plugins compatible for Editor in 0.57 ms, found 4 plugins.
Preloading 1 native plugins for Editor in 0.04 ms.
Unloading 1680 Unused Serialized files (Serialized files now loaded: 0)
System memory in use before: 89.2 MB.
System memory in use after: 89.3 MB.

Unloading 30 unused Assets to reduce memory usage. Loaded Objects now: 2183.
Total: 2.034200 ms (FindLiveObjects: 0.179800 ms CreateObjectMapping: 0.059200 ms MarkObjects: 1.774200 ms  DeleteObjects: 0.020300 ms)

AssetImportParameters requested are different than current active one (requested -> active):
  custom:graphics/normal-map-encoding: 01000000000000000000000000000000 -> 02000000000000000000000000000000
========================================================================
Received Prepare
Registering precompiled user dll's ...
Registered in 0.002624 seconds.
Begin MonoManager ReloadAssembly
Native extension for WindowsStandalone target not found
Native extension for WebGL target not found
Refreshing native plugins compatible for Editor in 0.60 ms, found 4 plugins.
Preloading 1 native plugins for Editor in 0.04 ms.
Invoked RoslynAnalysisRunner static constructor.
RoslynAnalysisRunner will not be running.
RoslynAnalysisRunner has terminated.
Mono: successfully reloaded assembly
- Completed reload, in  0.784 seconds
Platform modules already initialized, skipping
Switching build target platform(5) subTarget(0) extendedPlatform(0) -> platform(13) subTarget(524294) extendedPlatform(0)
Shader 'Oculus/OVRMRCameraFrameLit': fallback shader 'Alpha-Diffuse' not found
Refreshing native plugins compatible for Editor in 0.58 ms, found 4 plugins.
Preloading 1 native plugins for Editor in 0.04 ms.
Unloading 1679 Unused Serialized files (Serialized files now loaded: 0)
System memory in use before: 89.2 MB.
System memory in use after: 89.3 MB.

Unloading 30 unused Assets to reduce memory usage. Loaded Objects now: 2186.
Total: 1.933900 ms (FindLiveObjects: 0.183900 ms CreateObjectMapping: 0.053000 ms MarkObjects: 1.674000 ms  DeleteObjects: 0.021800 ms)

AssetImportParameters requested are different than current active one (requested -> active):
  custom:graphics/normal-map-encoding: 01000000000000000000000000000000 -> 02000000000000000000000000000000
========================================================================
Received Prepare
Shader 'Oculus/OVRMRCameraFrameLit': fallback shader 'Alpha-Diffuse' not found
Refreshing native plugins compatible for Editor in 4.85 ms, found 4 plugins.
Preloading 1 native plugins for Editor in 0.04 ms.
Unloading 27 Unused Serialized files (Serialized files now loaded: 0)
System memory in use before: 57.5 MB.
System memory in use after: 57.6 MB.

Unloading 27 unused Assets to reduce memory usage. Loaded Objects now: 2186.
Total: 1.756100 ms (FindLiveObjects: 0.197900 ms CreateObjectMapping: 0.058500 ms MarkObjects: 1.480000 ms  DeleteObjects: 0.018600 ms)

========================================================================
Received Import Request.
  Time since last request: 849.128488 seconds.
  path: Assets/Scripts/ClickOnCardScript.cs
  artifactKey: Guid(d741f9aa76ed19742a2a38cd7d5f2a53) Importer(815301076,1909f56bfc062723c751e8b465ee728b)
Start importing Assets/Scripts/ClickOnCardScript.cs using Guid(d741f9aa76ed19742a2a38cd7d5f2a53) Importer(815301076,1909f56bfc062723c751e8b465ee728b)  -> (artifact id: 'fb63056f86cfe256de58d637848fb7d6') in 0.007657 seconds
  Import took 0.010846 seconds .

========================================================================
Received Import Request.
  Time since last request: 0.000622 seconds.
  path: Assets/Scripts/ClickOnCardScript.cs
  artifactKey: Guid(d741f9aa76ed19742a2a38cd7d5f2a53) Importer(815301076,1909f56bfc062723c751e8b465ee728b)
Start importing Assets/Scripts/ClickOnCardScript.cs using Guid(d741f9aa76ed19742a2a38cd7d5f2a53) Importer(815301076,1909f56bfc062723c751e8b465ee728b)  -> (artifact id: 'fb63056f86cfe256de58d637848fb7d6') in 0.002879 seconds
  Import took 0.005555 seconds .

========================================================================
Received Import Request.
  Time since last request: 0.494457 seconds.
  path: Assets/Scripts/ControlSettingsScript.cs
  artifactKey: Guid(d378be01ad300e84db892451bb708c71) Importer(815301076,1909f56bfc062723c751e8b465ee728b)
Start importing Assets/Scripts/ControlSettingsScript.cs using Guid(d378be01ad300e84db892451bb708c71) Importer(815301076,1909f56bfc062723c751e8b465ee728b)  -> (artifact id: 'cb37ae893ee88f2795311b6f0437b7cf') in 0.006527 seconds
  Import took 0.009289 seconds .

========================================================================
Received Import Request.
  Time since last request: 0.001574 seconds.
  path: Assets/Scripts/ControlSettingsScript.cs
  artifactKey: Guid(d378be01ad300e84db892451bb708c71) Importer(815301076,1909f56bfc062723c751e8b465ee728b)
Start importing Assets/Scripts/ControlSettingsScript.cs using Guid(d378be01ad300e84db892451bb708c71) Importer(815301076,1909f56bfc062723c751e8b465ee728b)  -> (artifact id: 'cb37ae893ee88f2795311b6f0437b7cf') in 0.002605 seconds
  Import took 0.005593 seconds .

========================================================================
Received Import Request.
  Time since last request: 0.463913 seconds.
  path: Assets/Scripts/SaveOrDeleteScript.cs
  artifactKey: Guid(ea93298a05f06a34aa0052151bc45e4d) Importer(815301076,1909f56bfc062723c751e8b465ee728b)
Start importing Assets/Scripts/SaveOrDeleteScript.cs using Guid(ea93298a05f06a34aa0052151bc45e4d) Importer(815301076,1909f56bfc062723c751e8b465ee728b)  -> (artifact id: 'eb0f9b1588979c03acfe41652a841b7a') in 0.006428 seconds
  Import took 0.009227 seconds .

========================================================================
Received Prepare
Shader 'Oculus/OVRMRCameraFrameLit': fallback shader 'Alpha-Diffuse' not found
Refreshing native plugins compatible for Editor in 4.52 ms, found 4 plugins.
Preloading 1 native plugins for Editor in 0.04 ms.
Unloading 27 Unused Serialized files (Serialized files now loaded: 0)
System memory in use before: 57.5 MB.
System memory in use after: 57.6 MB.

Unloading 27 unused Assets to reduce memory usage. Loaded Objects now: 2186.
Total: 2.420500 ms (FindLiveObjects: 0.191800 ms CreateObjectMapping: 0.051600 ms MarkObjects: 2.159800 ms  DeleteObjects: 0.016600 ms)

AssetImportWorkerClient::OnTransportError - code=2 error=End of file
